# JRE version: OpenJDK Runtime Environment Temurin-17.0.7+7 (17.0.7+7) (build 17.0.7+7)
# Java VM: OpenJDK 64-Bit Server VM Temurin-17.0.7+7 (17.0.7+7, mixed mode, sharing, tiered, compressed oops, compressed class ptrs, g1 gc, windows-amd64)
GC Precious Log:
 CPUs: 20 total, 20 available
 Memory: 16110M
 Large Page Support: Disabled
 NUMA Support: Disabled
 Compressed Oops: Enabled (Zero based)
 Heap Region Size: 2M
 Heap Min Capacity: 512M
 Heap Initial Capacity: 512M
 Heap Max Capacity: 4072M
 Pre-touch: Disabled
 Parallel Workers: 15
 Concurrent Workers: 4
 Concurrent Refinement Workers: 15
 Periodic GC: Disabled
 String Deduplication is enabled
Heap:
 garbage-first heap   total 524288K, used 118801K [0x0000000701800000, 0x0000000800000000)
  region size 2048K, 7 young (14336K), 1 survivors (2048K)
 Metaspace       used 89002K, committed 89728K, reserved 1179648K
  class space    used 12177K, committed 12544K, reserved 1048576K
GC Heap History (20 events):
Event: 2450.816 GC heap before
{Heap before GC invocations=121 (full 20):
 garbage-first heap   total 524288K, used 188473K [0x0000000701800000, 0x0000000800000000)
  region size 2048K, 40 young (81920K), 1 survivors (2048K)
 Metaspace       used 88839K, committed 89536K, reserved 1179648K
  class space    used 12177K, committed 12544K, reserved 1048576K
}
Event: 2450.819 GC heap after
{Heap after GC invocations=122 (full 20):
 garbage-first heap   total 524288K, used 108332K [0x0000000701800000, 0x0000000800000000)
  region size 2048K, 1 young (2048K), 1 survivors (2048K)
 Metaspace       used 88839K, committed 89536K, reserved 1179648K
  class space    used 12177K, committed 12544K, reserved 1048576K
}
Event: 2454.477 GC heap before
{Heap before GC invocations=122 (full 20):
 garbage-first heap   total 524288K, used 188204K [0x0000000701800000, 0x0000000800000000)
  region size 2048K, 40 young (81920K), 1 survivors (2048K)
 Metaspace       used 88889K, committed 89600K, reserved 1179648K
  class space    used 12177K, committed 12544K, reserved 1048576K
}
Event: 2454.485 GC heap after
{Heap after GC invocations=123 (full 20):
 garbage-first heap   total 524288K, used 107909K [0x0000000701800000, 0x0000000800000000)
  region size 2048K, 1 young (2048K), 1 survivors (2048K)
 Metaspace       used 88889K, committed 89600K, reserved 1179648K
  class space    used 12177K, committed 12544K, reserved 1048576K
}
Event: 2457.756 GC heap before
{Heap before GC invocations=123 (full 20):
 garbage-first heap   total 524288K, used 187781K [0x0000000701800000, 0x0000000800000000)
  region size 2048K, 40 young (81920K), 1 survivors (2048K)
 Metaspace       used 88910K, committed 89664K, reserved 1179648K
  class space    used 12177K, committed 12544K, reserved 1048576K
}
Event: 2457.760 GC heap after
{Heap after GC invocations=124 (full 20):
 garbage-first heap   total 524288K, used 107976K [0x0000000701800000, 0x0000000800000000)
  region size 2048K, 1 young (2048K), 1 survivors (2048K)
 Metaspace       used 88910K, committed 89664K, reserved 1179648K
  class space    used 12177K, committed 12544K, reserved 1048576K
}
Event: 2460.914 GC heap before
{Heap before GC invocations=124 (full 20):
 garbage-first heap   total 524288K, used 187848K [0x0000000701800000, 0x0000000800000000)
  region size 2048K, 40 young (81920K), 1 survivors (2048K)
 Metaspace       used 88910K, committed 89664K, reserved 1179648K
  class space    used 12177K, committed 12544K, reserved 1048576K
}
Event: 2460.918 GC heap after
{Heap after GC invocations=125 (full 20):
 garbage-first heap   total 524288K, used 108622K [0x0000000701800000, 0x0000000800000000)
  region size 2048K, 1 young (2048K), 1 survivors (2048K)
 Metaspace       used 88910K, committed 89664K, reserved 1179648K
  class space    used 12177K, committed 12544K, reserved 1048576K
}
Event: 2466.970 GC heap before
{Heap before GC invocations=125 (full 20):
 garbage-first heap   total 524288K, used 188494K [0x0000000701800000, 0x0000000800000000)
  region size 2048K, 40 young (81920K), 1 survivors (2048K)
 Metaspace       used 88924K, committed 89664K, reserved 1179648K
  class space    used 12177K, committed 12544K, reserved 1048576K
}
Event: 2466.973 GC heap after
{Heap after GC invocations=126 (full 20):
 garbage-first heap   total 524288K, used 108522K [0x0000000701800000, 0x0000000800000000)
  region size 2048K, 1 young (2048K), 1 survivors (2048K)
 Metaspace       used 88924K, committed 89664K, reserved 1179648K
  class space    used 12177K, committed 12544K, reserved 1048576K
}
Event: 2478.960 GC heap before
{Heap before GC invocations=126 (full 20):
 garbage-first heap   total 524288K, used 188394K [0x0000000701800000, 0x0000000800000000)
  region size 2048K, 40 young (81920K), 1 survivors (2048K)
 Metaspace       used 88932K, committed 89664K, reserved 1179648K
  class space    used 12177K, committed 12544K, reserved 1048576K
}
Event: 2478.969 GC heap after
{Heap after GC invocations=127 (full 20):
 garbage-first heap   total 524288K, used 108514K [0x0000000701800000, 0x0000000800000000)
  region size 2048K, 1 young (2048K), 1 survivors (2048K)
 Metaspace       used 88932K, committed 89664K, reserved 1179648K
  class space    used 12177K, committed 12544K, reserved 1048576K
}
Event: 2486.581 GC heap before
{Heap before GC invocations=127 (full 20):
 garbage-first heap   total 524288K, used 188386K [0x0000000701800000, 0x0000000800000000)
  region size 2048K, 40 young (81920K), 1 survivors (2048K)
 Metaspace       used 88951K, committed 89664K, reserved 1179648K
  class space    used 12177K, committed 12544K, reserved 1048576K
}
Event: 2486.584 GC heap after
{Heap after GC invocations=128 (full 20):
 garbage-first heap   total 524288K, used 108302K [0x0000000701800000, 0x0000000800000000)
  region size 2048K, 1 young (2048K), 1 survivors (2048K)
 Metaspace       used 88951K, committed 89664K, reserved 1179648K
  class space    used 12177K, committed 12544K, reserved 1048576K
}
Event: 2490.319 GC heap before
{Heap before GC invocations=128 (full 20):
 garbage-first heap   total 524288K, used 188174K [0x0000000701800000, 0x0000000800000000)
  region size 2048K, 40 young (81920K), 1 survivors (2048K)
 Metaspace       used 88988K, committed 89728K, reserved 1179648K
  class space    used 12177K, committed 12544K, reserved 1048576K
}
Event: 2490.323 GC heap after
{Heap after GC invocations=129 (full 20):
 garbage-first heap   total 524288K, used 108068K [0x0000000701800000, 0x0000000800000000)
  region size 2048K, 1 young (2048K), 1 survivors (2048K)
 Metaspace       used 88988K, committed 89728K, reserved 1179648K
  class space    used 12177K, committed 12544K, reserved 1048576K
}
Event: 2493.065 GC heap before
{Heap before GC invocations=129 (full 20):
 garbage-first heap   total 524288K, used 187940K [0x0000000701800000, 0x0000000800000000)
  region size 2048K, 40 young (81920K), 1 survivors (2048K)
 Metaspace       used 88993K, committed 89728K, reserved 1179648K
  class space    used 12177K, committed 12544K, reserved 1048576K
}
Event: 2493.069 GC heap after
{Heap after GC invocations=130 (full 20):
 garbage-first heap   total 524288K, used 108599K [0x0000000701800000, 0x0000000800000000)
  region size 2048K, 1 young (2048K), 1 survivors (2048K)
 Metaspace       used 88993K, committed 89728K, reserved 1179648K
  class space    used 12177K, committed 12544K, reserved 1048576K
}
Event: 2497.072 GC heap before
{Heap before GC invocations=130 (full 20):
 garbage-first heap   total 524288K, used 188471K [0x0000000701800000, 0x0000000800000000)
  region size 2048K, 40 young (81920K), 1 survivors (2048K)
 Metaspace       used 89002K, committed 89728K, reserved 1179648K
  class space    used 12177K, committed 12544K, reserved 1048576K
}
Event: 2497.074 GC heap after
{Heap after GC invocations=131 (full 20):
 garbage-first heap   total 524288K, used 108561K [0x0000000701800000, 0x0000000800000000)
  region size 2048K, 1 young (2048K), 1 survivors (2048K)
 Metaspace       used 89002K, committed 89728K, reserved 1179648K
  class space    used 12177K, committed 12544K, reserved 1048576K
}

