# JRE version: OpenJDK Runtime Environment Temurin-17.0.7+7 (17.0.7+7) (build 17.0.7+7)
# Java VM: OpenJDK 64-Bit Server VM Temurin-17.0.7+7 (17.0.7+7, mixed mode, sharing, tiered, compressed oops, compressed class ptrs, g1 gc, windows-amd64)
GC Precious Log:
 CPUs: 20 total, 20 available
 Memory: 16110M
 Large Page Support: Disabled
 NUMA Support: Disabled
 Compressed Oops: Enabled (Zero based)
 Heap Region Size: 2M
 Heap Min Capacity: 512M
 Heap Initial Capacity: 512M
 Heap Max Capacity: 4072M
 Pre-touch: Disabled
 Parallel Workers: 15
 Concurrent Workers: 4
 Concurrent Refinement Workers: 15
 Periodic GC: Disabled
 String Deduplication is enabled
Heap:
 garbage-first heap   total 524288K, used 95640K [0x0000000701800000, 0x0000000800000000)
  region size 2048K, 2 young (4096K), 1 survivors (2048K)
 Metaspace       used 79338K, committed 79936K, reserved 1179648K
  class space    used 10805K, committed 11072K, reserved 1048576K
GC Heap History (20 events):
Event: 1472.992 GC heap before
{Heap before GC invocations=65 (full 2):
 garbage-first heap   total 524288K, used 175417K [0x0000000701800000, 0x0000000800000000)
  region size 2048K, 40 young (81920K), 1 survivors (2048K)
 Metaspace       used 79190K, committed 79808K, reserved 1179648K
  class space    used 10803K, committed 11072K, reserved 1048576K
}
Event: 1473.000 GC heap after
{Heap after GC invocations=66 (full 2):
 garbage-first heap   total 524288K, used 95474K [0x0000000701800000, 0x0000000800000000)
  region size 2048K, 1 young (2048K), 1 survivors (2048K)
 Metaspace       used 79190K, committed 79808K, reserved 1179648K
  class space    used 10803K, committed 11072K, reserved 1048576K
}
Event: 1480.969 GC heap before
{Heap before GC invocations=66 (full 2):
 garbage-first heap   total 524288K, used 175346K [0x0000000701800000, 0x0000000800000000)
  region size 2048K, 40 young (81920K), 1 survivors (2048K)
 Metaspace       used 79214K, committed 79808K, reserved 1179648K
  class space    used 10803K, committed 11072K, reserved 1048576K
}
Event: 1480.972 GC heap after
{Heap after GC invocations=67 (full 2):
 garbage-first heap   total 524288K, used 95970K [0x0000000701800000, 0x0000000800000000)
  region size 2048K, 1 young (2048K), 1 survivors (2048K)
 Metaspace       used 79214K, committed 79808K, reserved 1179648K
  class space    used 10803K, committed 11072K, reserved 1048576K
}
Event: 1486.986 GC heap before
{Heap before GC invocations=67 (full 2):
 garbage-first heap   total 524288K, used 175842K [0x0000000701800000, 0x0000000800000000)
  region size 2048K, 40 young (81920K), 1 survivors (2048K)
 Metaspace       used 79220K, committed 79808K, reserved 1179648K
  class space    used 10803K, committed 11072K, reserved 1048576K
}
Event: 1486.990 GC heap after
{Heap after GC invocations=68 (full 2):
 garbage-first heap   total 524288K, used 96025K [0x0000000701800000, 0x0000000800000000)
  region size 2048K, 1 young (2048K), 1 survivors (2048K)
 Metaspace       used 79220K, committed 79808K, reserved 1179648K
  class space    used 10803K, committed 11072K, reserved 1048576K
}
Event: 1491.016 GC heap before
{Heap before GC invocations=68 (full 2):
 garbage-first heap   total 524288K, used 175897K [0x0000000701800000, 0x0000000800000000)
  region size 2048K, 40 young (81920K), 1 survivors (2048K)
 Metaspace       used 79257K, committed 79872K, reserved 1179648K
  class space    used 10803K, committed 11072K, reserved 1048576K
}
Event: 1491.023 GC heap after
{Heap after GC invocations=69 (full 2):
 garbage-first heap   total 524288K, used 96045K [0x0000000701800000, 0x0000000800000000)
  region size 2048K, 1 young (2048K), 1 survivors (2048K)
 Metaspace       used 79257K, committed 79872K, reserved 1179648K
  class space    used 10803K, committed 11072K, reserved 1048576K
}
Event: 1576.257 GC heap before
{Heap before GC invocations=69 (full 2):
 garbage-first heap   total 524288K, used 175917K [0x0000000701800000, 0x0000000800000000)
  region size 2048K, 40 young (81920K), 1 survivors (2048K)
 Metaspace       used 79261K, committed 79872K, reserved 1179648K
  class space    used 10803K, committed 11072K, reserved 1048576K
}
Event: 1576.262 GC heap after
{Heap after GC invocations=70 (full 2):
 garbage-first heap   total 524288K, used 95650K [0x0000000701800000, 0x0000000800000000)
  region size 2048K, 1 young (2048K), 1 survivors (2048K)
 Metaspace       used 79261K, committed 79872K, reserved 1179648K
  class space    used 10803K, committed 11072K, reserved 1048576K
}
Event: 1579.551 GC heap before
{Heap before GC invocations=70 (full 2):
 garbage-first heap   total 524288K, used 175522K [0x0000000701800000, 0x0000000800000000)
  region size 2048K, 40 young (81920K), 1 survivors (2048K)
 Metaspace       used 79275K, committed 79872K, reserved 1179648K
  class space    used 10803K, committed 11072K, reserved 1048576K
}
Event: 1579.556 GC heap after
{Heap after GC invocations=71 (full 2):
 garbage-first heap   total 524288K, used 95659K [0x0000000701800000, 0x0000000800000000)
  region size 2048K, 1 young (2048K), 1 survivors (2048K)
 Metaspace       used 79275K, committed 79872K, reserved 1179648K
  class space    used 10803K, committed 11072K, reserved 1048576K
}
Event: 1587.490 GC heap before
{Heap before GC invocations=71 (full 2):
 garbage-first heap   total 524288K, used 175531K [0x0000000701800000, 0x0000000800000000)
  region size 2048K, 40 young (81920K), 1 survivors (2048K)
 Metaspace       used 79292K, committed 79872K, reserved 1179648K
  class space    used 10805K, committed 11072K, reserved 1048576K
}
Event: 1587.495 GC heap after
{Heap after GC invocations=72 (full 2):
 garbage-first heap   total 524288K, used 95935K [0x0000000701800000, 0x0000000800000000)
  region size 2048K, 1 young (2048K), 1 survivors (2048K)
 Metaspace       used 79292K, committed 79872K, reserved 1179648K
  class space    used 10805K, committed 11072K, reserved 1048576K
}
Event: 1591.524 GC heap before
{Heap before GC invocations=72 (full 2):
 garbage-first heap   total 524288K, used 175807K [0x0000000701800000, 0x0000000800000000)
  region size 2048K, 40 young (81920K), 1 survivors (2048K)
 Metaspace       used 79308K, committed 79872K, reserved 1179648K
  class space    used 10805K, committed 11072K, reserved 1048576K
}
Event: 1591.533 GC heap after
{Heap after GC invocations=73 (full 2):
 garbage-first heap   total 524288K, used 96040K [0x0000000701800000, 0x0000000800000000)
  region size 2048K, 1 young (2048K), 1 survivors (2048K)
 Metaspace       used 79308K, committed 79872K, reserved 1179648K
  class space    used 10805K, committed 11072K, reserved 1048576K
}
Event: 1757.716 GC heap before
{Heap before GC invocations=73 (full 2):
 garbage-first heap   total 524288K, used 175912K [0x0000000701800000, 0x0000000800000000)
  region size 2048K, 40 young (81920K), 1 survivors (2048K)
 Metaspace       used 79315K, committed 79872K, reserved 1179648K
  class space    used 10805K, committed 11072K, reserved 1048576K
}
Event: 1757.720 GC heap after
{Heap after GC invocations=74 (full 2):
 garbage-first heap   total 524288K, used 95796K [0x0000000701800000, 0x0000000800000000)
  region size 2048K, 1 young (2048K), 1 survivors (2048K)
 Metaspace       used 79315K, committed 79872K, reserved 1179648K
  class space    used 10805K, committed 11072K, reserved 1048576K
}
Event: 1776.938 GC heap before
{Heap before GC invocations=74 (full 2):
 garbage-first heap   total 524288K, used 175668K [0x0000000701800000, 0x0000000800000000)
  region size 2048K, 40 young (81920K), 1 survivors (2048K)
 Metaspace       used 79338K, committed 79936K, reserved 1179648K
  class space    used 10805K, committed 11072K, reserved 1048576K
}
Event: 1776.944 GC heap after
{Heap after GC invocations=75 (full 2):
 garbage-first heap   total 524288K, used 95640K [0x0000000701800000, 0x0000000800000000)
  region size 2048K, 1 young (2048K), 1 survivors (2048K)
 Metaspace       used 79338K, committed 79936K, reserved 1179648K
  class space    used 10805K, committed 11072K, reserved 1048576K
}

